<?xml version="1.0" encoding="UTF-8"?>
<testsuite xmlns:xsi="http://www.w3.org/2001/XMLSchema-instance" xsi:noNamespaceSchemaLocation="https://maven.apache.org/surefire/maven-surefire-plugin/xsd/surefire-test-report.xsd" name="com.imc.rockpapaerscissors.AppTest" time="0.02" tests="4" errors="0" skipped="0" failures="0">
  <properties>
[...]
</properties>
  <testcase name="testPlayerActionRock" classname="com.imc.rockpapaerscissors.AppTest" time="0.002"/>
  <testcase name="testPlayerActionFactory" classname="com.imc.rockpapaerscissors.AppTest" time="0"/>
  <testcase name="testPlayerActionScissors" classname="com.imc.rockpapaerscissors.AppTest" time="0"/>
  <testcase name="testPlayerActionPaper" classname="com.imc.rockpapaerscissors.AppTest" time="0"/>
</testsuite>